Arguments: 
  E:\Program Files\nodejs\node.exe E:\Program Files (x86)\Yarn\bin\yarn.js add bcript-nodejs

PATH: 
  E:\oracle\product\11.2.0\client_1\bin;C:\ProgramData\DockerDesktop\version-bin;C:\Program Files\Docker\Docker\Resources\bin;C:\Program Files (x86)\Common Files\Oracle\Java\javapath;C:\ProgramData\Oracle\Java\javapath;C:\Program Files (x86)\Intel\iCLS Client\;C:\Program Files\Intel\iCLS Client\;C:\WINDOWS\system32;C:\WINDOWS;C:\WINDOWS\System32\Wbem;C:\WINDOWS\System32\WindowsPowerShell\v1.0\;C:\Program Files (x86)\Intel\Intel(R) Management Engine Components\DAL;C:\Program Files\Intel\Intel(R) Management Engine Components\DAL;C:\Program Files (x86)\Intel\Intel(R) Management Engine Components\IPT;C:\Program Files\Intel\Intel(R) Management Engine Components\IPT;C:\Program Files\Intel\WiFi\bin\;C:\Program Files\Common Files\Intel\WirelessCommon\;C:\Program Files\dotnet\;C:\Program Files\Microsoft SQL Server\130\Tools\Binn\;C:\Program Files\Microsoft SQL Server\110\Tools\Binn\;C:\Program Files (x86)\Microsoft SQL Server\110\Tools\Binn\;C:\Program Files\Microsoft SQL Server\110\DTS\Binn\;C:\Program Files (x86)\Microsoft SQL Server\110\Tools\Binn\ManagementStudio\;C:\Program Files (x86)\Microsoft SQL Server\110\DTS\Binn\;E:\Program Files\Git\Git\cmd;C:\Program Files (x86)\Microsoft SDKs\Windows\v10.0A\bin\NETFX 4.7.1 Tools;C:\Program Files (x86)\Microsoft SQL Server\Client SDK\ODBC\130\Tools\Binn\;C:\Program Files (x86)\Microsoft SQL Server\140\Tools\Binn\;C:\Program Files (x86)\Microsoft SQL Server\140\DTS\Binn\;C:\Program Files (x86)\Microsoft SQL Server\140\Tools\Binn\ManagementStudio\;C:\Program Files (x86)\HP\Common\HPDestPlgIn\;E:\GdPicture.NET 14\Redist;E:\Program Files\nodejs\;E:\Program Files (x86)\Yarn\bin\;C:\Users\agutierrez\AppData\Local\Microsoft\WindowsApps;C:\Users\agutierrez\AppData\Local\Programs\Fiddler;C:\Users\agutierrez\.dotnet\tools;C:\Users\agutierrez\AppData\Local\Programs\Microsoft VS Code\bin;C:\Program Files (x86)\Microsoft SDKs\Windows\v10.0A\bin\NETFX 4.7.1 Tools;C:\Program Files (x86)\HP\Common\HPDestPlgIn\;E:\GdPicture.NET 14\Redist;C:\Users\agutierrez\AppData\Roaming\npm;C:\Users\agutierrez\AppData\Local\Yarn\bin

Yarn version: 
  1.22.0

Node version: 
  12.15.0

Platform: 
  win32 x64

Trace: 
  Error: https://registry.yarnpkg.com/bcript-nodejs: Not found
      at Request.params.callback [as _callback] (E:\Program Files (x86)\Yarn\lib\cli.js:66084:18)
      at Request.self.callback (E:\Program Files (x86)\Yarn\lib\cli.js:140727:22)
      at Request.emit (events.js:223:5)
      at Request.<anonymous> (E:\Program Files (x86)\Yarn\lib\cli.js:141699:10)
      at Request.emit (events.js:223:5)
      at IncomingMessage.<anonymous> (E:\Program Files (x86)\Yarn\lib\cli.js:141621:12)
      at Object.onceWrapper (events.js:312:28)
      at IncomingMessage.emit (events.js:228:7)
      at endReadableNT (_stream_readable.js:1185:12)
      at processTicksAndRejections (internal/process/task_queues.js:81:21)

npm manifest: 
  {
    "name": "WebPruebasReactBackEnd",
    "version": "0.0.1",
    "description": "Backend web pruebas React",
    "main": "index.js",
    "author": "Andrés Gutiérrez Vera",
    "license": "MIT"
  }

yarn manifest: 
  No manifest

Lockfile: 
  # THIS IS AN AUTOGENERATED FILE. DO NOT EDIT THIS FILE DIRECTLY.
  # yarn lockfile v1
